<?xml version="1.0" encoding="UTF-8"?>
<testng-results ignored="0" total="1" passed="0" failed="1" skipped="0">
  <reporter-output>
  </reporter-output>
  <suite started-at="2024-08-03T12:47:21 IST" name="Default suite" finished-at="2024-08-03T12:47:26 IST" duration-ms="4895">
    <groups>
    </groups>
    <test started-at="2024-08-03T12:47:21 IST" name="Default test" finished-at="2024-08-03T12:47:26 IST" duration-ms="4895">
      <class name="amazonSearch.OfficeChair">
        <test-method is-config="true" signature="beforeTest()[pri:0, instance:amazonSearch.OfficeChair@e7edb54]" started-at="2024-08-03T12:47:21 IST" name="beforeTest" finished-at="2024-08-03T12:47:26 IST" duration-ms="4628" status="PASS">
          <reporter-output>
          </reporter-output>
        </test-method> <!-- beforeTest -->
        <test-method is-config="true" signature="beforeClass()[pri:0, instance:amazonSearch.OfficeChair@e7edb54]" started-at="2024-08-03T12:47:26 IST" name="beforeClass" finished-at="2024-08-03T12:47:26 IST" duration-ms="1" status="PASS">
          <reporter-output>
          </reporter-output>
        </test-method> <!-- beforeClass -->
        <test-method signature="Chair()[pri:0, instance:amazonSearch.OfficeChair@e7edb54]" started-at="2024-08-03T12:47:26 IST" name="Chair" finished-at="2024-08-03T12:47:26 IST" duration-ms="10" status="FAIL">
          <exception class="java.io.FileNotFoundException">
            <message>
              <![CDATA[/amazonSearch/data.properties (No such file or directory)]]>
            </message>
            <full-stacktrace>
              <![CDATA[java.io.FileNotFoundException: /amazonSearch/data.properties (No such file or directory)
at java.base/java.io.FileInputStream.open0(Native Method)
at java.base/java.io.FileInputStream.open(FileInputStream.java:213)
at java.base/java.io.FileInputStream.<init>(FileInputStream.java:152)
at java.base/java.io.FileInputStream.<init>(FileInputStream.java:106)
at amazonSearch.OfficeChair.Chair(OfficeChair.java:32)
at java.base/jdk.internal.reflect.DirectMethodHandleAccessor.invoke(DirectMethodHandleAccessor.java:103)
at java.base/java.lang.reflect.Method.invoke(Method.java:580)
at org.testng.internal.MethodInvocationHelper.invokeMethod(MethodInvocationHelper.java:133)
at org.testng.internal.TestInvoker.invokeMethod(TestInvoker.java:584)
at org.testng.internal.TestInvoker.invokeTestMethod(TestInvoker.java:172)
at org.testng.internal.MethodRunner.runInSequence(MethodRunner.java:46)
at org.testng.internal.TestInvoker$MethodInvocationAgent.invoke(TestInvoker.java:804)
at org.testng.internal.TestInvoker.invokeTestMethods(TestInvoker.java:145)
at org.testng.internal.TestMethodWorker.invokeTestMethods(TestMethodWorker.java:146)
at org.testng.internal.TestMethodWorker.run(TestMethodWorker.java:128)
at java.base/java.util.ArrayList.forEach(ArrayList.java:1597)
at org.testng.TestRunner.privateRun(TestRunner.java:770)
at org.testng.TestRunner.run(TestRunner.java:591)
at org.testng.SuiteRunner.runTest(SuiteRunner.java:402)
at org.testng.SuiteRunner.runSequentially(SuiteRunner.java:396)
at org.testng.SuiteRunner.privateRun(SuiteRunner.java:355)
at org.testng.SuiteRunner.run(SuiteRunner.java:304)
at org.testng.SuiteRunnerWorker.runSuite(SuiteRunnerWorker.java:53)
at org.testng.SuiteRunnerWorker.run(SuiteRunnerWorker.java:96)
at org.testng.TestNG.runSuitesSequentially(TestNG.java:1180)
at org.testng.TestNG.runSuitesLocally(TestNG.java:1102)
at org.testng.TestNG.runSuites(TestNG.java:1032)
at org.testng.TestNG.run(TestNG.java:1000)
at org.testng.remote.AbstractRemoteTestNG.run(AbstractRemoteTestNG.java:115)
at org.testng.remote.RemoteTestNG.initAndRun(RemoteTestNG.java:293)
at org.testng.remote.RemoteTestNG.main(RemoteTestNG.java:91)
]]>
            </full-stacktrace>
          </exception> <!-- java.io.FileNotFoundException -->
          <reporter-output>
          </reporter-output>
        </test-method> <!-- Chair -->
        <test-method is-config="true" signature="afterMethod()[pri:0, instance:amazonSearch.OfficeChair@e7edb54]" started-at="2024-08-03T12:47:26 IST" name="afterMethod" finished-at="2024-08-03T12:47:26 IST" duration-ms="217" status="PASS">
          <reporter-output>
          </reporter-output>
        </test-method> <!-- afterMethod -->
        <test-method is-config="true" signature="afterTest()[pri:0, instance:amazonSearch.OfficeChair@e7edb54]" started-at="2024-08-03T12:47:26 IST" name="afterTest" finished-at="2024-08-03T12:47:26 IST" duration-ms="1" status="PASS">
          <reporter-output>
          </reporter-output>
        </test-method> <!-- afterTest -->
      </class> <!-- amazonSearch.OfficeChair -->
    </test> <!-- Default test -->
  </suite> <!-- Default suite -->
</testng-results>
